2026-06-05 21:05:47.005 [info] Reading sessions from keychain...
2026-06-05 21:05:47.005 [info] Getting sessions for all scopes...
2026-06-05 21:05:49.350 [info] Got 0 sessions for ...
2026-06-05 21:05:49.350 [info] Getting sessions for all scopes...
2026-06-05 21:05:49.351 [info] Got 0 sessions for ...
2026-06-05 21:05:49.351 [info] Getting sessions for all scopes...
2026-06-05 21:05:49.351 [info] Got 0 sessions for ...
2026-06-05 21:05:50.228 [info] Getting sessions for all scopes...
2026-06-05 21:05:50.228 [info] Got 0 sessions for ...
2026-06-05 21:05:54.595 [info] Getting sessions for all scopes...
2026-06-05 21:05:54.607 [info] Got 0 sessions for ...
2026-06-05 21:06:30.746 [info] Reading sessions from keychain...
2026-06-05 21:06:30.779 [info] Getting sessions for all scopes...
2026-06-05 21:06:31.142 [info] Got 0 sessions for ...
2026-06-05 21:06:31.142 [info] Getting sessions for all scopes...
2026-06-05 21:06:31.142 [info] Got 0 sessions for ...
2026-06-05 21:06:31.675 [info] Getting sessions for all scopes...
2026-06-05 21:06:31.675 [info] Got 0 sessions for ...
2026-06-05 21:06:32.411 [info] Getting sessions for all scopes...
2026-06-05 21:06:32.411 [info] Got 0 sessions for ...
2026-06-05 21:06:34.946 [info] Getting sessions for all scopes...
2026-06-05 21:06:34.946 [info] Got 0 sessions for ...
2026-06-05 21:06:43.526 [info] Getting sessions for read:user,repo,user:email,workflow...
2026-06-05 21:06:43.526 [info] Got 0 sessions for read:user,repo,user:email,workflow...
2026-06-05 21:07:30.947 [info] Getting sessions for read:user,repo,user:email,workflow...
2026-06-05 21:07:30.973 [info] Got 0 sessions for read:user,repo,user:email,workflow...
