2026-06-05 21:05:33.485 [info] Started local extension host with pid 4962.
2026-06-05 21:05:35.394 [info] [AccountPolicyGate] apply: state=inactive, reason=undefined, isRestricted=false
2026-06-05 21:05:40.268 [info] [AccountPolicyGate] apply: state=inactive, reason=undefined, isRestricted=false
2026-06-05 21:05:47.931 [info] Settings Sync: Account status changed from uninitialized to unavailable
2026-06-05 21:05:55.736 [info] [perf] Render performance baseline is 30ms
2026-06-05 21:06:23.940 [info] Started local extension host with pid 5148.
2026-06-05 21:06:28.460 [info] [AccountPolicyGate] apply: state=inactive, reason=undefined, isRestricted=false
2026-06-05 21:06:33.497 [info] Settings Sync: Account status changed from uninitialized to unavailable
2026-06-05 21:06:33.626 [info] [AccountPolicyGate] apply: state=inactive, reason=undefined, isRestricted=false
2026-06-05 21:06:34.970 [info] [perf] Render performance baseline is 170ms
2026-06-05 21:07:06.514 [error] Cancelled: Canceled: Canceled
    at $ot.getLatestRawGalleryExtension (vscode-file://vscode-app/snap/code/244/usr/share/code/resources/app/out/vs/workbench/workbench.desktop.main.js:1864:54076)
    at async $ot.getLatestRawGalleryExtensionWithFallback (vscode-file://vscode-app/snap/code/244/usr/share/code/resources/app/out/vs/workbench/workbench.desktop.main.js:1864:52580)
    at async $ot.getLatestGalleryExtension (vscode-file://vscode-app/snap/code/244/usr/share/code/resources/app/out/vs/workbench/workbench.desktop.main.js:1864:40852)
    at async vscode-file://vscode-app/snap/code/244/usr/share/code/resources/app/out/vs/workbench/workbench.desktop.main.js:1864:39940
    at async Promise.all (index 0)
    at async $ot.getExtensionsUsingResourceApi (vscode-file://vscode-app/snap/code/244/usr/share/code/resources/app/out/vs/workbench/workbench.desktop.main.js:1864:39894)
    at async $ot.getExtensions (vscode-file://vscode-app/snap/code/244/usr/share/code/resources/app/out/vs/workbench/workbench.desktop.main.js:1864:38356)
    at async r7.getExtensions (vscode-file://vscode-app/snap/code/244/usr/share/code/resources/app/out/vs/workbench/workbench.desktop.main.js:3735:21789)
    at async kQt.getInstallableRecommendations (vscode-file://vscode-app/snap/code/244/usr/share/code/resources/app/out/vs/workbench/workbench.desktop.main.js:3731:20964)
    at async kQt.getAllRecommendationsModel (vscode-file://vscode-app/snap/code/244/usr/share/code/resources/app/out/vs/workbench/workbench.desktop.main.js:3731:24605)
    at async kQt.queryGallery (vscode-file://vscode-app/snap/code/244/usr/share/code/resources/app/out/vs/workbench/workbench.desktop.main.js:3731:16685)
    at async vscode-file://vscode-app/snap/code/244/usr/share/code/resources/app/out/vs/workbench/workbench.desktop.main.js:3731:5963
2026-06-05 21:07:07.033 [info] Extension host (LocalProcess pid: 5148) is unresponsive.
2026-06-05 21:07:07.102 [info] Extension host (LocalProcess pid: 5148) is responsive.
2026-06-05 21:07:07.644 [info] UNRESPONSIVE extension host: received responsive event and cancelling profiling session
2026-06-05 21:07:09.876 [info] UNRESPONSIVE extension host: starting to profile NOW
2026-06-05 21:07:28.010 [info] Extension host (LocalProcess pid: 5148) is unresponsive.
2026-06-05 21:07:28.494 [info] Extension host (LocalProcess pid: 5148) is responsive.
2026-06-05 21:07:28.496 [info] UNRESPONSIVE extension host: received responsive event and cancelling profiling session
2026-06-05 21:07:30.861 [info] UNRESPONSIVE extension host: starting to profile NOW
2026-06-05 21:40:19.290 [info] Extension host (LocalProcess pid: 5148) is unresponsive.
2026-06-05 21:40:20.068 [info] Extension host (LocalProcess pid: 5148) is responsive.
2026-06-05 21:40:20.070 [info] UNRESPONSIVE extension host: received responsive event and cancelling profiling session
2026-06-05 21:40:20.555 [info] UNRESPONSIVE extension host: starting to profile NOW
2026-06-05 21:50:37.203 [info] Extension host (LocalProcess pid: 5148) is unresponsive.
2026-06-05 21:50:37.278 [info] Extension host (LocalProcess pid: 5148) is responsive.
2026-06-05 21:50:37.280 [info] UNRESPONSIVE extension host: received responsive event and cancelling profiling session
2026-06-05 21:50:37.643 [info] UNRESPONSIVE extension host: starting to profile NOW
