2026-06-05 22:49:13.955 [info] Extension host with pid 17774 started
2026-06-05 22:49:13.956 [info] Skipping acquiring lock for /home/vboxuser/.config/Code/User/workspaceStorage/7fcde910e09b06eb6cd41319e26292c8.
2026-06-05 22:49:16.201 [info] ExtensionService#_doActivateExtension vscode.github-authentication, startup: false, activationEvent: 'onAuthenticationRequest:github'
2026-06-05 22:49:16.420 [info] ExtensionService#_doActivateExtension vscode.emmet, startup: false, activationEvent: 'onLanguage'
2026-06-05 22:49:16.463 [info] ExtensionService#_doActivateExtension vscode.html-language-features, startup: false, activationEvent: 'onLanguage:html'
2026-06-05 22:49:16.963 [info] ExtensionService#_doActivateExtension vscode.git-base, startup: true, activationEvent: '*', root cause: vscode.git
2026-06-05 22:49:18.505 [info] ExtensionService#_doActivateExtension vscode.git, startup: true, activationEvent: '*'
2026-06-05 22:49:18.584 [info] ExtensionService#_doActivateExtension vscode.github, startup: true, activationEvent: '*'
2026-06-05 22:49:18.755 [info] ExtensionService#_doActivateExtension ritwickdey.LiveServer, startup: false, activationEvent: 'onCommand:extension.liveServer.goOnline'
2026-06-05 22:49:19.148 [info] Eager extensions activated
2026-06-05 22:49:19.467 [info] ExtensionService#_doActivateExtension vscode.debug-auto-launch, startup: false, activationEvent: 'onStartupFinished'
2026-06-05 22:49:19.602 [info] ExtensionService#_doActivateExtension vscode.merge-conflict, startup: false, activationEvent: 'onStartupFinished'
2026-06-05 22:49:52.814 [warning] [Decorations] CAPPING events from decorations provider vscode.git 1154
2026-06-05 22:49:59.132 [warning] [Decorations] CAPPING events from decorations provider vscode.git 1163
2026-06-05 22:50:13.712 [warning] [Decorations] CAPPING events from decorations provider vscode.git 1201
2026-06-05 22:51:28.229 [warning] [Decorations] CAPPING events from decorations provider vscode.git 1213
2026-06-05 22:51:36.683 [warning] [Decorations] CAPPING events from decorations provider vscode.git 1179
2026-06-05 22:51:42.026 [warning] [Decorations] CAPPING events from decorations provider vscode.git 1179
2026-06-05 22:59:14.712 [warning] [Decorations] CAPPING events from decorations provider vscode.git 1314
2026-06-05 23:00:15.287 [warning] [Decorations] CAPPING events from decorations provider vscode.git 1326
2026-06-05 23:02:02.129 [warning] [Decorations] CAPPING events from decorations provider vscode.git 1333
2026-06-05 23:02:15.324 [warning] [Decorations] CAPPING events from decorations provider vscode.git 1334
2026-06-05 23:04:27.594 [warning] [Decorations] CAPPING events from decorations provider vscode.git 1339
2026-06-05 23:05:20.527 [warning] [Decorations] CAPPING events from decorations provider vscode.git 1380
2026-06-05 23:05:25.828 [warning] [Decorations] CAPPING events from decorations provider vscode.git 1378
2026-06-05 23:09:28.086 [warning] [Decorations] CAPPING events from decorations provider vscode.git 1427
2026-06-05 23:25:17.705 [warning] [Decorations] CAPPING events from decorations provider vscode.git 1727
2026-06-05 23:25:23.183 [warning] [Decorations] CAPPING events from decorations provider vscode.git 388
2026-06-05 23:25:35.040 [warning] [Decorations] CAPPING events from decorations provider vscode.git 392
2026-06-05 23:40:18.982 [info] Extension host terminating: received terminate message from renderer
2026-06-05 23:40:19.885 [info] Extension host with pid 17774 exiting with code 0
