2026-06-05 21:05:41.619 [info] Extension host with pid 4962 started
2026-06-05 21:05:45.034 [info] ExtensionService#_doActivateExtension vscode.github-authentication, startup: false, activationEvent: 'onAuthenticationRequest:github'
2026-06-05 21:05:45.329 [info] ExtensionService#_doActivateExtension vscode.emmet, startup: false, activationEvent: 'onLanguage'
2026-06-05 21:05:45.559 [info] ExtensionService#_doActivateExtension vscode.git-base, startup: true, activationEvent: '*', root cause: vscode.git
2026-06-05 21:05:46.035 [info] ExtensionService#_doActivateExtension vscode.git, startup: true, activationEvent: '*'
2026-06-05 21:05:46.414 [info] ExtensionService#_doActivateExtension vscode.github, startup: true, activationEvent: '*'
2026-06-05 21:05:47.470 [info] Eager extensions activated
2026-06-05 21:05:49.176 [info] ExtensionService#_doActivateExtension vscode.debug-auto-launch, startup: false, activationEvent: 'onStartupFinished'
2026-06-05 21:05:49.265 [info] ExtensionService#_doActivateExtension vscode.merge-conflict, startup: false, activationEvent: 'onStartupFinished'
2026-06-05 21:06:20.821 [info] Extension host terminating: received terminate message from renderer
2026-06-05 21:06:22.034 [info] Extension host with pid 4962 exiting with code 0
2026-06-05 21:06:28.778 [info] Extension host with pid 5148 started
2026-06-05 21:06:28.778 [info] Skipping acquiring lock for /home/vboxuser/.config/Code/User/workspaceStorage/7fcde910e09b06eb6cd41319e26292c8.
2026-06-05 21:06:29.279 [info] ExtensionService#_doActivateExtension vscode.github-authentication, startup: false, activationEvent: 'onAuthenticationRequest:github'
2026-06-05 21:06:29.521 [info] ExtensionService#_doActivateExtension vscode.emmet, startup: false, activationEvent: 'onLanguage'
2026-06-05 21:06:30.239 [info] ExtensionService#_doActivateExtension vscode.git-base, startup: true, activationEvent: '*'
2026-06-05 21:06:31.414 [info] ExtensionService#_doActivateExtension vscode.github, startup: true, activationEvent: '*'
2026-06-05 21:06:32.095 [info] Eager extensions activated
2026-06-05 21:06:32.185 [info] ExtensionService#_doActivateExtension vscode.debug-auto-launch, startup: false, activationEvent: 'onStartupFinished'
2026-06-05 21:06:32.223 [info] ExtensionService#_doActivateExtension vscode.merge-conflict, startup: false, activationEvent: 'onStartupFinished'
2026-06-05 21:06:37.093 [info] ExtensionService#_doActivateExtension vscode.git, startup: false, activationEvent: 'api', root cause: vscode.github
2026-06-05 21:06:42.274 [warning] [Decorations] CAPPING events from decorations provider vscode.git 3399
2026-06-05 21:06:44.464 [warning] [Decorations] CAPPING events from decorations provider vscode.git 3400
2026-06-05 21:06:49.509 [warning] [Decorations] CAPPING events from decorations provider vscode.git 3400
2026-06-05 21:06:58.136 [warning] [Decorations] CAPPING events from decorations provider vscode.git 3400
2026-06-05 21:07:14.350 [warning] [Decorations] CAPPING events from decorations provider vscode.git 3416
2026-06-05 21:07:23.699 [warning] [Decorations] CAPPING events from decorations provider vscode.git 3419
2026-06-05 21:07:34.949 [warning] [Decorations] CAPPING events from decorations provider vscode.git 3444
2026-06-05 21:07:42.447 [warning] [Decorations] CAPPING events from decorations provider vscode.git 3442
2026-06-05 21:07:48.329 [warning] [Decorations] CAPPING events from decorations provider vscode.git 3721
2026-06-05 21:08:16.012 [info] ExtensionService#_doActivateExtension ritwickdey.LiveServer, startup: false, activationEvent: 'onStartupFinished'
2026-06-05 21:08:18.958 [warning] [Decorations] CAPPING events from decorations provider vscode.git 8627
2026-06-05 21:08:24.620 [warning] [Decorations] CAPPING events from decorations provider vscode.git 8353
2026-06-05 21:08:53.702 [warning] [Decorations] CAPPING events from decorations provider vscode.git 8358
2026-06-05 21:11:58.498 [warning] [Decorations] CAPPING events from decorations provider vscode.git 8373
2026-06-05 21:12:33.613 [warning] [Decorations] CAPPING events from decorations provider vscode.git 8377
2026-06-05 21:17:49.533 [warning] [Decorations] CAPPING events from decorations provider vscode.git 8401
2026-06-05 21:33:52.191 [warning] [Decorations] CAPPING events from decorations provider vscode.git 8594
2026-06-05 21:37:41.626 [warning] [Decorations] CAPPING events from decorations provider vscode.git 8611
2026-06-05 21:41:27.215 [warning] [Decorations] CAPPING events from decorations provider vscode.git 8694
2026-06-05 21:52:25.977 [warning] [Decorations] CAPPING events from decorations provider vscode.git 8929
