2026-06-05 21:05:47.517 [info] [main] Log level: Info
2026-06-05 21:05:47.517 [info] [main] Validating found git in: "git"
2026-06-05 21:05:47.517 [info] [main] Using git "2.43.0" from "git"
2026-06-05 21:05:47.517 [info] [Model][doInitialScan] Initial repository scan started
2026-06-05 21:05:47.517 [info] [Model][doInitialScan] Initial repository scan completed - repositories (0), closed repositories (0), parent repositories (0), unsafe repositories (0)
2026-06-05 21:06:37.448 [info] [main] Log level: Info
2026-06-05 21:06:37.450 [info] [main] Validating found git in: "git"
2026-06-05 21:06:37.923 [info] [main] Using git "2.43.0" from "git"
2026-06-05 21:06:37.925 [info] [Model][doInitialScan] Initial repository scan started
2026-06-05 21:06:38.248 [info] > git rev-parse --show-toplevel [160ms]
2026-06-05 21:06:38.602 [info] > git rev-parse --git-dir --git-common-dir --show-superproject-working-tree [235ms]
2026-06-05 21:06:38.788 [info] [Model][openRepository] Opened repository (path): /home/vboxuser
2026-06-05 21:06:38.795 [info] [Model][openRepository] Opened repository (real path): /home/vboxuser
2026-06-05 21:06:38.795 [info] [Model][openRepository] Opened repository (kind): repository
2026-06-05 21:06:39.009 [info] > git config --get --local core.virtualfilesystem [79ms]
2026-06-05 21:06:39.011 [warning] [Git][config] git config failed: Failed to execute git
2026-06-05 21:06:39.123 [info] > git config --get commit.template [119ms]
2026-06-05 21:06:39.257 [info] > git rev-parse --show-toplevel [174ms]
2026-06-05 21:06:39.339 [info] > git rev-parse --show-toplevel [22ms]
2026-06-05 21:06:39.339 [info] > git for-each-ref --format=%(refname)%00%(upstream:short)%00%(objectname)%00%(upstream:track)%00%(upstream:remotename)%00%(upstream:remoteref) refs/heads/main refs/remotes/main [97ms]
2026-06-05 21:06:39.509 [info] > git rev-parse --show-toplevel [33ms]
2026-06-05 21:06:39.775 [info] > git rev-parse --show-toplevel [39ms]
2026-06-05 21:06:39.781 [info] > git for-each-ref --sort -committerdate --format %(refname)%00%(objectname)%00%(*objectname) [177ms]
2026-06-05 21:06:39.909 [info] > git rev-parse --show-toplevel [17ms]
2026-06-05 21:06:40.109 [info] > git check-ignore -v -z --stdin [277ms]
2026-06-05 21:06:40.180 [info] > git rev-parse --show-toplevel [72ms]
2026-06-05 21:06:40.199 [info] > git rev-parse --show-toplevel [5ms]
2026-06-05 21:06:40.324 [info] > git rev-parse --show-toplevel [61ms]
2026-06-05 21:06:40.551 [info] > git rev-parse --show-toplevel [41ms]
2026-06-05 21:06:40.574 [info] > git rev-parse --show-toplevel [3ms]
2026-06-05 21:06:40.593 [info] > git rev-parse --show-toplevel [2ms]
2026-06-05 21:06:40.617 [info] > git rev-parse --show-toplevel [5ms]
2026-06-05 21:06:40.636 [info] > git rev-parse --show-toplevel [5ms]
2026-06-05 21:06:40.655 [info] > git rev-parse --show-toplevel [2ms]
2026-06-05 21:06:40.683 [info] > git rev-parse --show-toplevel [6ms]
2026-06-05 21:06:40.713 [info] > git rev-parse --show-toplevel [16ms]
2026-06-05 21:06:40.739 [info] > git rev-parse --show-toplevel [19ms]
2026-06-05 21:06:40.766 [info] > git rev-parse --show-toplevel [4ms]
2026-06-05 21:06:40.787 [info] > git rev-parse --show-toplevel [6ms]
2026-06-05 21:06:40.853 [info] [Model][doInitialScan] Initial repository scan completed - repositories (1), closed repositories (0), parent repositories (0), unsafe repositories (0)
2026-06-05 21:06:42.042 [info] > git status -z -uall [2467ms]
2026-06-05 21:06:42.736 [info] > git for-each-ref --format=%(refname)%00%(upstream:short)%00%(objectname)%00%(upstream:track)%00%(upstream:remotename)%00%(upstream:remoteref) refs/heads/main refs/remotes/main [364ms]
2026-06-05 21:06:42.744 [info] > git config --get commit.template [9ms]
2026-06-05 21:06:42.770 [info] > git config --get --local branch.main.vscode-merge-base [28ms]
2026-06-05 21:06:42.770 [warning] [Git][config] git config failed: Failed to execute git
2026-06-05 21:06:42.817 [info] > git for-each-ref --format=%(refname)%00%(upstream:short)%00%(objectname)%00%(upstream:track)%00%(upstream:remotename)%00%(upstream:remoteref) refs/heads/main refs/remotes/main [47ms]
2026-06-05 21:06:43.509 [info] > git reflog main --grep-reflog=branch: Created from *. [724ms]
2026-06-05 21:06:43.528 [info] > git symbolic-ref --short refs/remotes/origin/HEAD [10ms]
2026-06-05 21:06:43.528 [info] fatal: ref refs/remotes/origin/HEAD is not a symbolic ref
2026-06-05 21:06:43.528 [warning] [Repository][getDefaultBranch] Failed to get default branch details: Failed to execute git.
2026-06-05 21:06:43.718 [info] > git merge-base refs/heads/main refs/remotes/origin/main [147ms]
2026-06-05 21:06:43.790 [info] > git diff --raw --numstat --diff-filter=ADMR -z --find-renames=50% c3e4d2f9f98187287be56d8db3e231ea8f6142bd...refs/remotes/origin/main -- [43ms]
2026-06-05 21:06:43.796 [info] > git for-each-ref --sort -committerdate --format %(refname)%00%(objectname)%00%(*objectname) [86ms]
2026-06-05 21:06:44.094 [info] > git check-ignore -v -z --stdin [11ms]
2026-06-05 21:06:44.288 [info] > git status -z -uall [639ms]
2026-06-05 21:06:47.993 [info] > git config --get commit.template [47ms]
2026-06-05 21:06:48.189 [info] > git for-each-ref --format=%(refname)%00%(upstream:short)%00%(objectname)%00%(upstream:track)%00%(upstream:remotename)%00%(upstream:remoteref) refs/heads/main refs/remotes/main [37ms]
2026-06-05 21:06:48.567 [info] > git for-each-ref --sort -committerdate --format %(refname)%00%(objectname)%00%(*objectname) [69ms]
2026-06-05 21:06:49.259 [info] > git status -z -uall [868ms]
2026-06-05 21:06:55.869 [info] > git config --get commit.template [230ms]
2026-06-05 21:06:55.888 [info] > git for-each-ref --format=%(refname)%00%(upstream:short)%00%(objectname)%00%(upstream:track)%00%(upstream:remotename)%00%(upstream:remoteref) refs/heads/main refs/remotes/main [121ms]
2026-06-05 21:06:56.150 [info] > git for-each-ref --sort -committerdate --format %(refname)%00%(objectname)%00%(*objectname) [60ms]
2026-06-05 21:06:57.995 [info] > git status -z -uall [1966ms]
2026-06-05 21:07:11.418 [info] > git config --get commit.template [19ms]
2026-06-05 21:07:11.419 [info] > git for-each-ref --format=%(refname)%00%(upstream:short)%00%(objectname)%00%(upstream:track)%00%(upstream:remotename)%00%(upstream:remoteref) refs/heads/main refs/remotes/main [11ms]
2026-06-05 21:07:11.465 [info] > git for-each-ref --sort -committerdate --format %(refname)%00%(objectname)%00%(*objectname) [8ms]
2026-06-05 21:07:14.224 [info] > git status -z -uall [2791ms]
2026-06-05 21:07:20.146 [info] > git config --get commit.template [441ms]
2026-06-05 21:07:20.163 [info] > git for-each-ref --format=%(refname)%00%(upstream:short)%00%(objectname)%00%(upstream:track)%00%(upstream:remotename)%00%(upstream:remoteref) refs/heads/main refs/remotes/main [311ms]
2026-06-05 21:07:20.275 [info] > git for-each-ref --sort -committerdate --format %(refname)%00%(objectname)%00%(*objectname) [37ms]
2026-06-05 21:07:23.521 [info] > git status -z -uall [3305ms]
2026-06-05 21:07:30.609 [info] > git log --format=%H%n%aN%n%aE%n%at%n%ct%n%P%n%D%n%B -z --shortstat --diff-merges=first-parent -n50 --skip=0 --topo-order --decorate=full --stdin [46617ms]
2026-06-05 21:07:31.218 [info] > git config --get commit.template [301ms]
2026-06-05 21:07:31.219 [info] > git for-each-ref --format=%(refname)%00%(upstream:short)%00%(objectname)%00%(upstream:track)%00%(upstream:remotename)%00%(upstream:remoteref) refs/heads/main refs/remotes/main [94ms]
2026-06-05 21:07:33.367 [info] > git for-each-ref --sort -committerdate --format %(refname)%00%(objectname)%00%(*objectname) [1041ms]
2026-06-05 21:07:33.620 [info] > git merge-base main origin/main [20ms]
2026-06-05 21:07:34.836 [info] > git status -z -uall [2584ms]
2026-06-05 21:07:38.679 [info] > git check-ignore -v -z --stdin [219ms]
2026-06-05 21:07:40.307 [info] > git config --get commit.template [62ms]
2026-06-05 21:07:40.443 [info] > git for-each-ref --format=%(refname)%00%(upstream:short)%00%(objectname)%00%(upstream:track)%00%(upstream:remotename)%00%(upstream:remoteref) refs/heads/main refs/remotes/main [55ms]
2026-06-05 21:07:40.778 [info] > git for-each-ref --sort -committerdate --format %(refname)%00%(objectname)%00%(*objectname) [156ms]
2026-06-05 21:07:42.321 [info] > git status -z -uall [1756ms]
2026-06-05 21:07:47.809 [info] > git config --get commit.template [226ms]
2026-06-05 21:07:47.825 [info] > git for-each-ref --format=%(refname)%00%(upstream:short)%00%(objectname)%00%(upstream:track)%00%(upstream:remotename)%00%(upstream:remoteref) refs/heads/main refs/remotes/main [148ms]
2026-06-05 21:07:48.004 [info] > git for-each-ref --sort -committerdate --format %(refname)%00%(objectname)%00%(*objectname) [27ms]
2026-06-05 21:07:48.290 [info] > git status -z -uall [371ms]
2026-06-05 21:08:17.711 [info] > git config --get commit.template [15ms]
2026-06-05 21:08:17.714 [info] > git for-each-ref --format=%(refname)%00%(upstream:short)%00%(objectname)%00%(upstream:track)%00%(upstream:remotename)%00%(upstream:remoteref) refs/heads/main refs/remotes/main [12ms]
2026-06-05 21:08:17.890 [info] > git for-each-ref --sort -committerdate --format %(refname)%00%(objectname)%00%(*objectname) [128ms]
2026-06-05 21:08:18.867 [info] > git status -z -uall [1147ms]
2026-06-05 21:08:23.999 [info] > git config --get commit.template [9ms]
2026-06-05 21:08:24.002 [info] > git for-each-ref --format=%(refname)%00%(upstream:short)%00%(objectname)%00%(upstream:track)%00%(upstream:remotename)%00%(upstream:remoteref) refs/heads/main refs/remotes/main [4ms]
2026-06-05 21:08:24.029 [info] > git for-each-ref --sort -committerdate --format %(refname)%00%(objectname)%00%(*objectname) [9ms]
2026-06-05 21:08:24.408 [info] > git status -z -uall [397ms]
2026-06-05 21:08:36.348 [info] > git for-each-ref --format=%(refname)%00%(upstream:short)%00%(objectname)%00%(upstream:track)%00%(upstream:remotename)%00%(upstream:remoteref) refs/heads/main refs/remotes/main [4956ms]
2026-06-05 21:08:36.689 [info] > git config --get commit.template [5982ms]
2026-06-05 21:08:44.252 [info] > git for-each-ref --sort -committerdate --format %(refname)%00%(objectname)%00%(*objectname) [466ms]
2026-06-05 21:08:53.493 [info] > git status -z -uall [9743ms]
2026-06-05 21:11:56.574 [info] > git config --get commit.template [64ms]
2026-06-05 21:11:56.613 [info] > git for-each-ref --format=%(refname)%00%(upstream:short)%00%(objectname)%00%(upstream:track)%00%(upstream:remotename)%00%(upstream:remoteref) refs/heads/main refs/remotes/main [116ms]
2026-06-05 21:11:56.903 [info] > git for-each-ref --sort -committerdate --format %(refname)%00%(objectname)%00%(*objectname) [120ms]
2026-06-05 21:11:58.296 [info] > git status -z -uall [1671ms]
2026-06-05 21:12:32.073 [info] > git config --get commit.template [94ms]
2026-06-05 21:12:32.295 [info] > git for-each-ref --format=%(refname)%00%(upstream:short)%00%(objectname)%00%(upstream:track)%00%(upstream:remotename)%00%(upstream:remoteref) refs/heads/main refs/remotes/main [297ms]
2026-06-05 21:12:32.520 [info] > git for-each-ref --sort -committerdate --format %(refname)%00%(objectname)%00%(*objectname) [88ms]
2026-06-05 21:12:33.538 [info] > git status -z -uall [1139ms]
2026-06-05 21:17:46.962 [info] > git config --get commit.template [392ms]
2026-06-05 21:17:47.003 [info] > git for-each-ref --format=%(refname)%00%(upstream:short)%00%(objectname)%00%(upstream:track)%00%(upstream:remotename)%00%(upstream:remoteref) refs/heads/main refs/remotes/main [80ms]
2026-06-05 21:17:47.090 [info] > git for-each-ref --sort -committerdate --format %(refname)%00%(objectname)%00%(*objectname) [28ms]
2026-06-05 21:17:49.486 [info] > git status -z -uall [2454ms]
2026-06-05 21:33:49.585 [info] > git config --get commit.template [25ms]
2026-06-05 21:33:49.640 [info] > git for-each-ref --format=%(refname)%00%(upstream:short)%00%(objectname)%00%(upstream:track)%00%(upstream:remotename)%00%(upstream:remoteref) refs/heads/main refs/remotes/main [67ms]
2026-06-05 21:33:49.858 [info] > git for-each-ref --sort -committerdate --format %(refname)%00%(objectname)%00%(*objectname) [46ms]
2026-06-05 21:33:52.105 [info] > git status -z -uall [2448ms]
2026-06-05 21:37:39.558 [info] > git config --get commit.template [99ms]
2026-06-05 21:37:39.624 [info] > git for-each-ref --format=%(refname)%00%(upstream:short)%00%(objectname)%00%(upstream:track)%00%(upstream:remotename)%00%(upstream:remoteref) refs/heads/main refs/remotes/main [188ms]
2026-06-05 21:37:39.773 [info] > git for-each-ref --sort -committerdate --format %(refname)%00%(objectname)%00%(*objectname) [14ms]
2026-06-05 21:37:41.587 [info] > git status -z -uall [1864ms]
2026-06-05 21:41:24.518 [info] > git config --get commit.template [140ms]
2026-06-05 21:41:24.608 [info] > git for-each-ref --format=%(refname)%00%(upstream:short)%00%(objectname)%00%(upstream:track)%00%(upstream:remotename)%00%(upstream:remoteref) refs/heads/main refs/remotes/main [238ms]
2026-06-05 21:41:24.782 [info] > git for-each-ref --sort -committerdate --format %(refname)%00%(objectname)%00%(*objectname) [54ms]
2026-06-05 21:41:27.177 [info] > git status -z -uall [2482ms]
2026-06-05 21:52:20.551 [info] > git config --get commit.template [158ms]
2026-06-05 21:52:20.572 [info] > git for-each-ref --format=%(refname)%00%(upstream:short)%00%(objectname)%00%(upstream:track)%00%(upstream:remotename)%00%(upstream:remoteref) refs/heads/main refs/remotes/main [180ms]
2026-06-05 21:52:20.862 [info] > git for-each-ref --sort -committerdate --format %(refname)%00%(objectname)%00%(*objectname) [79ms]
2026-06-05 21:52:25.882 [info] > git status -z -uall [5251ms]
2026-06-05 22:01:48.727 [info] > git check-ignore -v -z --stdin [20ms]
