2026-06-05 22:49:21.643 [info] [main] Log level: Info
2026-06-05 22:49:21.643 [info] [main] Validating found git in: "git"
2026-06-05 22:49:21.643 [info] [main] Using git "2.43.0" from "git"
2026-06-05 22:49:21.643 [info] [Model][doInitialScan] Initial repository scan started
2026-06-05 22:49:21.643 [info] > git rev-parse --show-toplevel [629ms]
2026-06-05 22:49:22.299 [info] > git rev-parse --git-dir --git-common-dir --show-superproject-working-tree [794ms]
2026-06-05 22:49:23.231 [info] [Model][openRepository] Opened repository (path): /home/vboxuser
2026-06-05 22:49:23.235 [info] [Model][openRepository] Opened repository (real path): /home/vboxuser
2026-06-05 22:49:23.235 [info] [Model][openRepository] Opened repository (kind): repository
2026-06-05 22:49:23.612 [info] > git config --get --local core.virtualfilesystem [232ms]
2026-06-05 22:49:23.613 [warning] [Git][config] git config failed: Failed to execute git
2026-06-05 22:49:23.636 [info] > git rev-parse --show-toplevel [67ms]
2026-06-05 22:49:23.637 [info] > git config --get commit.template [129ms]
2026-06-05 22:49:23.685 [info] > git rev-parse --show-toplevel [20ms]
2026-06-05 22:49:23.710 [info] > git rev-parse --show-toplevel [15ms]
2026-06-05 22:49:23.713 [info] > git for-each-ref --format=%(refname)%00%(upstream:short)%00%(objectname)%00%(upstream:track)%00%(upstream:remotename)%00%(upstream:remoteref) refs/heads/main refs/remotes/main [63ms]
2026-06-05 22:49:23.762 [info] > git rev-parse --show-toplevel [42ms]
2026-06-05 22:49:24.216 [info] > git rev-parse --show-toplevel [396ms]
2026-06-05 22:49:24.516 [info] > git rev-parse --show-toplevel [173ms]
2026-06-05 22:49:24.516 [info] > git for-each-ref --sort -committerdate --format %(refname)%00%(objectname)%00%(*objectname) [333ms]
2026-06-05 22:49:24.627 [info] > git rev-parse --show-toplevel [10ms]
2026-06-05 22:49:24.672 [info] > git rev-parse --show-toplevel [5ms]
2026-06-05 22:49:24.788 [info] > git rev-parse --show-toplevel [70ms]
2026-06-05 22:49:24.870 [info] > git rev-parse --show-toplevel [39ms]
2026-06-05 22:49:25.010 [info] > git rev-parse --show-toplevel [44ms]
2026-06-05 22:49:25.123 [info] > git rev-parse --show-toplevel [54ms]
2026-06-05 22:49:25.677 [info] > git rev-parse --show-toplevel [248ms]
2026-06-05 22:49:25.906 [info] > git rev-parse --show-toplevel [16ms]
2026-06-05 22:49:26.162 [info] > git rev-parse --show-toplevel [79ms]
2026-06-05 22:49:26.257 [info] > git rev-parse --show-toplevel [37ms]
2026-06-05 22:49:26.376 [info] > git rev-parse --show-toplevel [15ms]
2026-06-05 22:49:26.435 [info] > git rev-parse --show-toplevel [23ms]
2026-06-05 22:49:26.499 [info] > git rev-parse --show-toplevel [36ms]
2026-06-05 22:49:26.594 [info] > git rev-parse --show-toplevel [49ms]
2026-06-05 22:49:27.029 [info] [Model][doInitialScan] Initial repository scan completed - repositories (1), closed repositories (0), parent repositories (0), unsafe repositories (0)
2026-06-05 22:49:52.416 [info] > git status -z -uall [28300ms]
2026-06-05 22:49:54.350 [info] > git for-each-ref --format=%(refname)%00%(upstream:short)%00%(objectname)%00%(upstream:track)%00%(upstream:remotename)%00%(upstream:remoteref) refs/heads/main refs/remotes/main [1006ms]
2026-06-05 22:49:54.382 [info] > git config --get --local branch.main.vscode-merge-base [24ms]
2026-06-05 22:49:54.382 [warning] [Git][config] git config failed: Failed to execute git
2026-06-05 22:49:54.433 [info] > git config --get commit.template [145ms]
2026-06-05 22:49:54.500 [info] > git reflog main --grep-reflog=branch: Created from *. [67ms]
2026-06-05 22:49:54.520 [info] > git for-each-ref --format=%(refname)%00%(upstream:short)%00%(objectname)%00%(upstream:track)%00%(upstream:remotename)%00%(upstream:remoteref) refs/heads/main refs/remotes/main [41ms]
2026-06-05 22:49:54.586 [info] > git symbolic-ref --short refs/remotes/origin/HEAD [69ms]
2026-06-05 22:49:54.586 [info] fatal: ref refs/remotes/origin/HEAD is not a symbolic ref
2026-06-05 22:49:54.587 [warning] [Repository][getDefaultBranch] Failed to get default branch details: Failed to execute git.
2026-06-05 22:49:54.683 [info] > git merge-base refs/heads/main refs/remotes/origin/main [42ms]
2026-06-05 22:49:54.750 [info] > git diff --raw --numstat --diff-filter=ADMR -z --find-renames=50% 6d34fb0cce83155d7d6197d03797e743831c89c1...refs/remotes/origin/main -- [36ms]
2026-06-05 22:49:54.868 [info] > git check-ignore -v -z --stdin [74ms]
2026-06-05 22:49:54.878 [info] > git for-each-ref --sort -committerdate --format %(refname)%00%(objectname)%00%(*objectname) [299ms]
2026-06-05 22:49:56.142 [info] > git check-ignore -v -z --stdin [225ms]
2026-06-05 22:49:56.691 [info] > git show --textconv :index.html [72ms]
2026-06-05 22:49:56.733 [info] > git ls-files --stage -- index.html [52ms]
2026-06-05 22:49:56.783 [info] > git cat-file -s f1fc4aca00f705a77c8b08340c5491e0ecbe334f [21ms]
2026-06-05 22:49:59.078 [info] > git status -z -uall [4549ms]
2026-06-05 22:50:00.293 [info] > git check-ignore -v -z --stdin [36ms]
2026-06-05 22:50:00.876 [info] > git check-ignore -v -z --stdin [17ms]
2026-06-05 22:50:04.949 [info] > git config --get commit.template [65ms]
2026-06-05 22:50:04.959 [info] > git for-each-ref --format=%(refname)%00%(upstream:short)%00%(objectname)%00%(upstream:track)%00%(upstream:remotename)%00%(upstream:remoteref) refs/heads/main refs/remotes/main [21ms]
2026-06-05 22:50:05.082 [info] > git for-each-ref --sort -committerdate --format %(refname)%00%(objectname)%00%(*objectname) [59ms]
2026-06-05 22:50:13.607 [info] > git status -z -uall [8608ms]
2026-06-05 22:50:15.306 [info] > git check-ignore -v -z --stdin [65ms]
2026-06-05 22:51:27.517 [info] > git config --get commit.template [3ms]
2026-06-05 22:51:27.530 [info] > git for-each-ref --format=%(refname)%00%(upstream:short)%00%(objectname)%00%(upstream:track)%00%(upstream:remotename)%00%(upstream:remoteref) refs/heads/main refs/remotes/main [8ms]
2026-06-05 22:51:27.653 [info] > git for-each-ref --sort -committerdate --format %(refname)%00%(objectname)%00%(*objectname) [17ms]
2026-06-05 22:51:28.216 [info] > git status -z -uall [671ms]
2026-06-05 22:51:28.729 [info] > git check-ignore -v -z --stdin [26ms]
2026-06-05 22:51:36.152 [info] > git config --get commit.template [39ms]
2026-06-05 22:51:36.165 [info] > git for-each-ref --format=%(refname)%00%(upstream:short)%00%(objectname)%00%(upstream:track)%00%(upstream:remotename)%00%(upstream:remoteref) refs/heads/main refs/remotes/main [15ms]
2026-06-05 22:51:36.208 [info] > git for-each-ref --sort -committerdate --format %(refname)%00%(objectname)%00%(*objectname) [6ms]
2026-06-05 22:51:36.666 [info] > git status -z -uall [493ms]
2026-06-05 22:51:37.160 [info] > git check-ignore -v -z --stdin [5ms]
2026-06-05 22:51:41.702 [info] > git config --get commit.template [7ms]
2026-06-05 22:51:41.704 [info] > git for-each-ref --format=%(refname)%00%(upstream:short)%00%(objectname)%00%(upstream:track)%00%(upstream:remotename)%00%(upstream:remoteref) refs/heads/main refs/remotes/main [4ms]
2026-06-05 22:51:41.724 [info] > git for-each-ref --sort -committerdate --format %(refname)%00%(objectname)%00%(*objectname) [9ms]
2026-06-05 22:51:41.957 [info] > git status -z -uall [248ms]
2026-06-05 22:51:42.455 [info] > git check-ignore -v -z --stdin [6ms]
2026-06-05 22:59:11.517 [info] > git config --get commit.template [284ms]
2026-06-05 22:59:11.559 [info] > git for-each-ref --format=%(refname)%00%(upstream:short)%00%(objectname)%00%(upstream:track)%00%(upstream:remotename)%00%(upstream:remoteref) refs/heads/main refs/remotes/main [226ms]
2026-06-05 22:59:11.629 [info] > git for-each-ref --sort -committerdate --format %(refname)%00%(objectname)%00%(*objectname) [40ms]
2026-06-05 22:59:14.668 [info] > git status -z -uall [3087ms]
2026-06-05 22:59:15.269 [info] > git check-ignore -v -z --stdin [10ms]
2026-06-05 23:00:11.088 [info] > git config --get commit.template [96ms]
2026-06-05 23:00:11.129 [info] > git for-each-ref --format=%(refname)%00%(upstream:short)%00%(objectname)%00%(upstream:track)%00%(upstream:remotename)%00%(upstream:remoteref) refs/heads/main refs/remotes/main [102ms]
2026-06-05 23:00:11.478 [info] > git for-each-ref --sort -committerdate --format %(refname)%00%(objectname)%00%(*objectname) [301ms]
2026-06-05 23:00:15.196 [info] > git status -z -uall [4058ms]
2026-06-05 23:00:16.457 [info] > git check-ignore -v -z --stdin [20ms]
2026-06-05 23:01:59.061 [info] > git config --get commit.template [112ms]
2026-06-05 23:01:59.117 [info] > git for-each-ref --format=%(refname)%00%(upstream:short)%00%(objectname)%00%(upstream:track)%00%(upstream:remotename)%00%(upstream:remoteref) refs/heads/main refs/remotes/main [184ms]
2026-06-05 23:01:59.204 [info] > git for-each-ref --sort -committerdate --format %(refname)%00%(objectname)%00%(*objectname) [26ms]
2026-06-05 23:02:02.118 [info] > git status -z -uall [2994ms]
2026-06-05 23:02:03.101 [info] > git check-ignore -v -z --stdin [35ms]
2026-06-05 23:02:11.354 [info] > git config --get commit.template [29ms]
2026-06-05 23:02:11.494 [info] > git for-each-ref --format=%(refname)%00%(upstream:short)%00%(objectname)%00%(upstream:track)%00%(upstream:remotename)%00%(upstream:remoteref) refs/heads/main refs/remotes/main [84ms]
2026-06-05 23:02:11.703 [info] > git for-each-ref --sort -committerdate --format %(refname)%00%(objectname)%00%(*objectname) [64ms]
2026-06-05 23:02:15.248 [info] > git status -z -uall [3650ms]
2026-06-05 23:02:15.868 [info] > git check-ignore -v -z --stdin [29ms]
2026-06-05 23:04:24.512 [info] > git config --get commit.template [324ms]
2026-06-05 23:04:24.605 [info] > git for-each-ref --format=%(refname)%00%(upstream:short)%00%(objectname)%00%(upstream:track)%00%(upstream:remotename)%00%(upstream:remoteref) refs/heads/main refs/remotes/main [284ms]
2026-06-05 23:04:24.796 [info] > git for-each-ref --sort -committerdate --format %(refname)%00%(objectname)%00%(*objectname) [84ms]
2026-06-05 23:04:27.580 [info] > git status -z -uall [2884ms]
2026-06-05 23:04:28.050 [info] > git check-ignore -v -z --stdin [5ms]
2026-06-05 23:05:18.289 [info] > git config --get commit.template [87ms]
2026-06-05 23:05:18.373 [info] > git for-each-ref --format=%(refname)%00%(upstream:short)%00%(objectname)%00%(upstream:track)%00%(upstream:remotename)%00%(upstream:remoteref) refs/heads/main refs/remotes/main [171ms]
2026-06-05 23:05:18.564 [info] > git for-each-ref --sort -committerdate --format %(refname)%00%(objectname)%00%(*objectname) [64ms]
2026-06-05 23:05:20.506 [info] > git status -z -uall [2030ms]
2026-06-05 23:05:21.062 [info] > git check-ignore -v -z --stdin [6ms]
2026-06-05 23:05:25.550 [info] > git config --get commit.template [5ms]
2026-06-05 23:05:25.558 [info] > git for-each-ref --format=%(refname)%00%(upstream:short)%00%(objectname)%00%(upstream:track)%00%(upstream:remotename)%00%(upstream:remoteref) refs/heads/main refs/remotes/main [9ms]
2026-06-05 23:05:25.583 [info] > git for-each-ref --sort -committerdate --format %(refname)%00%(objectname)%00%(*objectname) [15ms]
2026-06-05 23:05:25.815 [info] > git status -z -uall [251ms]
2026-06-05 23:05:26.257 [info] > git check-ignore -v -z --stdin [9ms]
2026-06-05 23:09:26.158 [info] > git config --get commit.template [73ms]
2026-06-05 23:09:26.225 [info] > git for-each-ref --format=%(refname)%00%(upstream:short)%00%(objectname)%00%(upstream:track)%00%(upstream:remotename)%00%(upstream:remoteref) refs/heads/main refs/remotes/main [73ms]
2026-06-05 23:09:26.272 [info] > git for-each-ref --sort -committerdate --format %(refname)%00%(objectname)%00%(*objectname) [12ms]
2026-06-05 23:09:28.031 [info] > git status -z -uall [1784ms]
2026-06-05 23:09:28.727 [info] > git check-ignore -v -z --stdin [12ms]
